{"total": {"lines":{"total":74,"covered":66,"skipped":0,"pct":89.18},"statements":{"total":74,"covered":66,"skipped":0,"pct":89.18},"functions":{"total":6,"covered":6,"skipped":0,"pct":100},"branches":{"total":77,"covered":61,"skipped":0,"pct":79.22}}
,"/home/runner/work/markdown-to-html-cli/markdown-to-html-cli/src/cli.ts": {"lines":{"total":1,"covered":1,"skipped":0,"pct":100},"functions":{"total":0,"covered":0,"skipped":0,"pct":100},"statements":{"total":1,"covered":1,"skipped":0,"pct":100},"branches":{"total":0,"covered":0,"skipped":0,"pct":100}}
,"/home/runner/work/markdown-to-html-cli/markdown-to-html-cli/src/create.ts": {"lines":{"total":7,"covered":7,"skipped":0,"pct":100},"functions":{"total":2,"covered":2,"skipped":0,"pct":100},"statements":{"total":7,"covered":7,"skipped":0,"pct":100},"branches":{"total":16,"covered":15,"skipped":0,"pct":93.75}}
,"/home/runner/work/markdown-to-html-cli/markdown-to-html-cli/src/index.ts": {"lines":{"total":62,"covered":54,"skipped":0,"pct":87.09},"functions":{"total":3,"covered":3,"skipped":0,"pct":100},"statements":{"total":62,"covered":54,"skipped":0,"pct":87.09},"branches":{"total":59,"covered":44,"skipped":0,"pct":74.57}}
,"/home/runner/work/markdown-to-html-cli/markdown-to-html-cli/src/nodes/githubCorners.ts": {"lines":{"total":4,"covered":4,"skipped":0,"pct":100},"functions":{"total":1,"covered":1,"skipped":0,"pct":100},"statements":{"total":4,"covered":4,"skipped":0,"pct":100},"branches":{"total":2,"covered":2,"skipped":0,"pct":100}}
}
