TN:
SF:src/cli.ts
FNF:0
FNH:0
DA:5,1
LF:1
LH:1
BRF:0
BRH:0
end_of_record
TN:
SF:src/create.ts
FN:26,create
FN:38,(anonymous_1)
FN:51,(anonymous_2)
FNF:3
FNH:3
FNDA:7,create
FNDA:57,(anonymous_1)
FNDA:622,(anonymous_2)
DA:28,7
DA:29,7
DA:30,7
DA:31,7
DA:39,57
DA:40,0
DA:41,0
DA:52,622
DA:53,622
DA:54,5
DA:57,622
DA:58,24
DA:59,24
DA:60,24
DA:61,24
LF:15
LH:13
BRDA:26,0,0,1
BRDA:29,1,0,7
BRDA:29,1,1,0
BRDA:30,2,0,1
BRDA:30,3,0,7
BRDA:30,4,0,7
BRDA:39,5,0,0
BRDA:39,5,1,57
BRDA:46,6,0,3
BRDA:46,6,1,4
BRDA:47,7,0,1
BRDA:47,7,1,6
BRDA:52,8,0,314
BRDA:52,8,1,308
BRDA:52,9,0,314
BRDA:52,9,1,274
BRDA:53,10,0,5
BRDA:53,10,1,617
BRDA:53,11,0,622
BRDA:53,11,1,314
BRDA:53,11,2,7
BRDA:57,12,0,24
BRDA:57,12,1,598
BRDA:57,13,0,622
BRDA:57,13,1,314
BRDA:57,13,2,24
BRDA:58,14,0,24
BRDA:58,14,1,24
BRDA:59,15,0,24
BRDA:59,15,1,0
BRDA:59,16,0,24
BRDA:59,16,1,24
BRF:32
BRH:29
end_of_record
TN:
SF:src/index.ts
FN:45,run
FN:129,cliHelp
FN:145,exampleHelp
FNF:3
FNH:3
FNDA:5,run
FNDA:2,cliHelp
FNDA:2,exampleHelp
DA:7,1
DA:46,5
DA:62,5
DA:63,1
DA:64,1
DA:65,1
DA:67,4
DA:68,1
DA:69,1
DA:71,3
DA:72,3
DA:75,3
DA:76,3
DA:78,3
DA:79,3
DA:80,3
DA:81,3
DA:82,3
DA:84,3
DA:85,3
DA:87,3
DA:88,0
DA:89,0
DA:90,0
DA:91,0
DA:92,0
DA:94,0
DA:95,0
DA:97,0
DA:98,0
DA:100,0
DA:101,0
DA:105,3
DA:106,0
DA:108,3
DA:109,3
DA:110,1
DA:111,2
DA:112,2
DA:114,3
DA:115,0
DA:116,3
DA:117,3
DA:119,3
DA:120,0
DA:123,3
DA:124,3
DA:125,3
DA:126,3
DA:130,2
DA:131,2
DA:132,2
DA:133,2
DA:134,2
DA:135,2
DA:136,2
DA:137,2
DA:138,2
DA:139,2
DA:140,2
DA:141,2
DA:142,2
DA:146,2
DA:147,2
DA:148,2
DA:149,2
DA:150,2
DA:151,2
DA:152,2
DA:153,2
LF:70
LH:56
BRDA:45,0,0,2
BRDA:54,1,0,5
BRDA:54,1,1,4
BRDA:54,1,2,4
BRDA:55,2,0,5
BRDA:55,2,1,5
BRDA:55,2,2,4
BRDA:56,3,0,5
BRDA:56,3,1,5
BRDA:56,3,2,5
BRDA:57,4,0,5
BRDA:57,4,1,5
BRDA:58,5,0,5
BRDA:58,5,1,4
BRDA:59,6,0,5
BRDA:59,6,1,5
BRDA:59,6,2,5
BRDA:62,7,0,1
BRDA:62,7,1,4
BRDA:62,8,0,5
BRDA:62,8,1,4
BRDA:67,9,0,1
BRDA:67,9,1,3
BRDA:67,10,0,4
BRDA:67,10,1,3
BRDA:71,11,0,3
BRDA:71,11,1,0
BRDA:71,12,0,3
BRDA:71,12,1,3
BRDA:79,13,0,3
BRDA:79,13,1,0
BRDA:81,14,0,3
BRDA:81,14,1,0
BRDA:81,15,0,3
BRDA:81,15,1,3
BRDA:84,16,0,3
BRDA:84,16,1,0
BRDA:84,17,0,3
BRDA:84,17,1,3
BRDA:85,18,0,0
BRDA:85,18,1,3
BRDA:87,19,0,0
BRDA:87,19,1,3
BRDA:91,20,0,0
BRDA:91,20,1,0
BRDA:91,21,0,0
BRDA:91,21,1,0
BRDA:94,22,0,0
BRDA:94,22,1,0
BRDA:94,23,0,0
BRDA:94,23,1,0
BRDA:97,24,0,0
BRDA:97,24,1,0
BRDA:100,25,0,0
BRDA:100,25,1,0
BRDA:105,26,0,0
BRDA:105,26,1,3
BRDA:105,27,0,3
BRDA:105,27,1,3
BRDA:108,28,0,3
BRDA:108,28,1,0
BRDA:109,29,0,1
BRDA:109,29,1,2
BRDA:111,30,0,2
BRDA:111,30,1,0
BRDA:114,31,0,0
BRDA:114,31,1,3
BRDA:116,32,0,3
BRDA:116,32,1,0
BRDA:116,33,0,3
BRDA:116,33,1,3
BRDA:119,34,0,0
BRDA:119,34,1,3
BRF:73
BRH:49
end_of_record
TN:
SF:src/nodes/githubCorners.ts
FN:5,githubCorners
FNF:1
FNH:1
FNDA:7,githubCorners
DA:6,7
DA:7,7
DA:8,1
DA:10,6
LF:4
LH:4
BRDA:7,0,0,1
BRDA:7,0,1,6
BRF:2
BRH:2
end_of_record
TN:
SF:src/nodes/octiconLink.ts
FN:2,octiconLink
FNF:1
FNH:1
FNDA:24,octiconLink
DA:3,24
LF:1
LH:1
BRF:0
BRH:0
end_of_record
