TN:
SF:src/cli.ts
FNF:0
FNH:0
DA:5,1
LF:1
LH:1
BRF:0
BRH:0
end_of_record
TN:
SF:src/create.ts
FN:24,create
FN:43,(anonymous_1)
FNF:2
FNH:2
FNDA:7,create
FNDA:622,(anonymous_1)
DA:26,7
DA:27,7
DA:28,7
DA:29,7
DA:44,622
DA:45,622
DA:46,5
DA:49,622
DA:50,24
DA:51,24
DA:52,24
DA:53,24
LF:12
LH:12
BRDA:24,0,0,1
BRDA:27,1,0,7
BRDA:27,1,1,0
BRDA:28,2,0,1
BRDA:28,3,0,7
BRDA:38,4,0,3
BRDA:38,4,1,4
BRDA:39,5,0,1
BRDA:39,5,1,6
BRDA:44,6,0,314
BRDA:44,6,1,308
BRDA:44,7,0,314
BRDA:44,7,1,274
BRDA:45,8,0,5
BRDA:45,8,1,617
BRDA:45,9,0,622
BRDA:45,9,1,314
BRDA:45,9,2,7
BRDA:49,10,0,24
BRDA:49,10,1,598
BRDA:49,11,0,622
BRDA:49,11,1,314
BRDA:49,11,2,24
BRDA:50,12,0,24
BRDA:50,12,1,24
BRDA:51,13,0,24
BRDA:51,13,1,0
BRDA:51,14,0,24
BRDA:51,14,1,24
BRF:29
BRH:27
end_of_record
TN:
SF:src/index.ts
FN:43,run
FN:124,cliHelp
FN:140,exampleHelp
FNF:3
FNH:3
FNDA:5,run
FNDA:2,cliHelp
FNDA:2,exampleHelp
DA:7,1
DA:44,5
DA:60,5
DA:61,1
DA:62,1
DA:63,1
DA:65,4
DA:66,1
DA:67,1
DA:69,3
DA:70,3
DA:73,3
DA:74,3
DA:76,3
DA:77,3
DA:78,3
DA:79,3
DA:80,3
DA:82,3
DA:83,3
DA:85,3
DA:86,0
DA:87,0
DA:88,0
DA:89,0
DA:90,0
DA:92,0
DA:93,0
DA:95,0
DA:96,0
DA:100,3
DA:101,0
DA:103,3
DA:104,3
DA:105,1
DA:106,2
DA:107,2
DA:109,3
DA:110,0
DA:111,3
DA:112,3
DA:114,3
DA:115,0
DA:118,3
DA:119,3
DA:120,3
DA:121,3
DA:125,2
DA:126,2
DA:127,2
DA:128,2
DA:129,2
DA:130,2
DA:131,2
DA:132,2
DA:133,2
DA:134,2
DA:135,2
DA:136,2
DA:137,2
DA:141,2
DA:142,2
DA:143,2
DA:144,2
DA:145,2
DA:146,2
DA:147,2
DA:148,2
LF:68
LH:56
BRDA:43,0,0,2
BRDA:52,1,0,5
BRDA:52,1,1,4
BRDA:52,1,2,4
BRDA:53,2,0,5
BRDA:53,2,1,5
BRDA:53,2,2,4
BRDA:54,3,0,5
BRDA:54,3,1,5
BRDA:54,3,2,5
BRDA:55,4,0,5
BRDA:55,4,1,5
BRDA:56,5,0,5
BRDA:56,5,1,4
BRDA:57,6,0,5
BRDA:57,6,1,5
BRDA:57,6,2,5
BRDA:60,7,0,1
BRDA:60,7,1,4
BRDA:60,8,0,5
BRDA:60,8,1,4
BRDA:65,9,0,1
BRDA:65,9,1,3
BRDA:65,10,0,4
BRDA:65,10,1,3
BRDA:69,11,0,3
BRDA:69,11,1,0
BRDA:69,12,0,3
BRDA:69,12,1,3
BRDA:77,13,0,3
BRDA:77,13,1,0
BRDA:79,14,0,3
BRDA:79,14,1,0
BRDA:79,15,0,3
BRDA:79,15,1,3
BRDA:82,16,0,3
BRDA:82,16,1,0
BRDA:82,17,0,3
BRDA:82,17,1,3
BRDA:83,18,0,0
BRDA:83,18,1,3
BRDA:85,19,0,0
BRDA:85,19,1,3
BRDA:89,20,0,0
BRDA:89,20,1,0
BRDA:89,21,0,0
BRDA:89,21,1,0
BRDA:92,22,0,0
BRDA:92,22,1,0
BRDA:92,23,0,0
BRDA:92,23,1,0
BRDA:95,24,0,0
BRDA:95,24,1,0
BRDA:100,25,0,0
BRDA:100,25,1,3
BRDA:100,26,0,3
BRDA:100,26,1,3
BRDA:103,27,0,3
BRDA:103,27,1,0
BRDA:104,28,0,1
BRDA:104,28,1,2
BRDA:106,29,0,2
BRDA:106,29,1,0
BRDA:109,30,0,0
BRDA:109,30,1,3
BRDA:111,31,0,3
BRDA:111,31,1,0
BRDA:111,32,0,3
BRDA:111,32,1,3
BRDA:114,33,0,0
BRDA:114,33,1,3
BRF:71
BRH:49
end_of_record
TN:
SF:src/nodes/githubCorners.ts
FN:5,githubCorners
FNF:1
FNH:1
FNDA:7,githubCorners
DA:6,7
DA:7,7
DA:8,1
DA:10,6
LF:4
LH:4
BRDA:7,0,0,1
BRDA:7,0,1,6
BRF:2
BRH:2
end_of_record
TN:
SF:src/nodes/octiconLink.ts
FN:2,octiconLink
FNF:1
FNH:1
FNDA:24,octiconLink
DA:3,24
LF:1
LH:1
BRF:0
BRH:0
end_of_record
